<?xml version="1.0" encoding="UTF-8"?>
<!-- Generated by org.testng.reporters.JUnitReportReporter -->
<testsuite skipped="0" hostname="si-chirag" name="frameworklearning.SignInTest" tests="2" failures="0" timestamp="12 Apr 2019 09:11:53 GMT" time="1.520" errors="0">
  <testcase name="login" time="0.826" classname="frameworklearning.SignInTest"/>
  <testcase name="login" time="0.694" classname="frameworklearning.SignInTest"/>
</testsuite> <!-- frameworklearning.SignInTest -->
