<?xml version="1.0" encoding="UTF-8"?>
<!-- Generated by org.testng.reporters.JUnitReportReporter -->
<testsuite skipped="0" hostname="si-chirag" name="frameworklearning.AppTest" tests="1" failures="0" timestamp="15 Apr 2019 06:26:49 GMT" time="0.000" errors="0">
  <testcase name="shouldAnswerWithTrue" time="0.000" classname="frameworklearning.AppTest"/>
</testsuite> <!-- frameworklearning.AppTest -->
