<?xml version="1.0" encoding="UTF-8"?>
<!-- Generated by org.testng.reporters.JUnitReportReporter -->
<testsuite skipped="0" hostname="si-chirag" name="frameworklearning.SignInTest" tests="2" failures="0" timestamp="15 Apr 2019 06:26:49 GMT" time="0.724" errors="0">
  <testcase name="login" time="0.435" classname="frameworklearning.SignInTest"/>
  <testcase name="login" time="0.289" classname="frameworklearning.SignInTest"/>
</testsuite> <!-- frameworklearning.SignInTest -->
