<?xml version="1.0" encoding="UTF-8"?>
<!-- Generated by org.testng.reporters.JUnitReportReporter -->
<testsuite skipped="0" hostname="si-chirag" name="frameworklearning.SignInTest" tests="2" failures="0" timestamp="15 Apr 2019 07:23:14 GMT" time="1.370" errors="0">
  <testcase name="login" time="0.437" classname="frameworklearning.SignInTest"/>
  <testcase name="login" time="0.933" classname="frameworklearning.SignInTest"/>
</testsuite> <!-- frameworklearning.SignInTest -->
