<?xml version="1.0" encoding="UTF-8"?>
<!-- Generated by org.testng.reporters.JUnitReportReporter -->
<testsuite skipped="0" hostname="si-chirag" name="frameworklearning.SignInTest" tests="2" failures="0" timestamp="17 Apr 2019 02:36:44 GMT" time="0.733" errors="0">
  <testcase name="login" time="0.263" classname="frameworklearning.SignInTest"/>
  <testcase name="login" time="0.470" classname="frameworklearning.SignInTest"/>
</testsuite> <!-- frameworklearning.SignInTest -->
