<?xml version="1.0" encoding="UTF-8"?>
<!-- Generated by org.testng.reporters.JUnitReportReporter -->
<testsuite skipped="0" hostname="si-chirag" name="frameworklearning.AppTest" tests="1" failures="0" timestamp="17 Apr 2019 02:36:44 GMT" time="0.002" errors="0">
  <testcase name="shouldAnswerWithTrue" time="0.002" classname="frameworklearning.AppTest"/>
</testsuite> <!-- frameworklearning.AppTest -->
