<?xml version="1.0" encoding="UTF-8"?>
<!-- Generated by org.testng.reporters.JUnitReportReporter -->
<testsuite skipped="0" hostname="si-chirag" name="frameworklearning.SignInTest" tests="2" failures="0" timestamp="15 Apr 2019 06:38:39 GMT" time="0.867" errors="0">
  <testcase name="login" time="0.294" classname="frameworklearning.SignInTest"/>
  <testcase name="login" time="0.573" classname="frameworklearning.SignInTest"/>
</testsuite> <!-- frameworklearning.SignInTest -->
