<?xml version="1.0" encoding="UTF-8"?>
<!-- Generated by org.testng.reporters.JUnitReportReporter -->
<testsuite skipped="0" hostname="si-chirag" name="frameworklearning.SignInTest" tests="2" failures="0" timestamp="17 Apr 2019 03:20:02 GMT" time="0.682" errors="0">
  <testcase name="login" time="0.271" classname="frameworklearning.SignInTest"/>
  <testcase name="login" time="0.411" classname="frameworklearning.SignInTest"/>
</testsuite> <!-- frameworklearning.SignInTest -->
